mktextfm GillSans
mktextfm GillSans
mktextfm GillSans
mktextfm GillSans/BI
mktextfm GillSans
mktextfm GillSans/B
mktextfm GillSans
mktextfm GillSans/I
mktextfm GillSans
mktextfm GillSans
mktextfm GillSans
mktextfm GillSans
mktextfm GillSans
mktextfm GillSans
mktextfm GillSans
mktextfm GillSans
mktextfm GillSans
mktextfm GillSans
mktextfm GillSans
mktextfm GillSans
mktextfm GillSans
mktextfm GillSans/BI
mktextfm Song
mktextfm SimSun
mktextfm SimSun
mktextfm SimSun
mktextfm SimSun
mktextfm SimSun
mktextfm SimSun/BI
mktextfm SimSun
mktextfm SimSun/B
mktextfm SimSun
mktextfm SimSun/I
mktextfm SimSun
mktextfm SimSun
mktextfm augie
